<?xml version="1.0" encoding="UTF-8"?>
<testng-results ignored="0" total="1" passed="1" failed="0" skipped="0">
  <reporter-output>
  </reporter-output>
  <suite started-at="2024-03-03T16:30:31 IST" name="Default suite" finished-at="2024-03-03T16:31:14 IST" duration-ms="43202">
    <groups>
    </groups>
    <test started-at="2024-03-03T16:30:31 IST" name="Default test" finished-at="2024-03-03T16:31:14 IST" duration-ms="43202">
      <class name="com.Program.Execute">
        <test-method signature="amezonProduct()[pri:0, instance:com.Program.Execute@293a5bf6]" started-at="2024-03-03T16:30:31 IST" name="amezonProduct" finished-at="2024-03-03T16:31:14 IST" duration-ms="43172" status="PASS">
          <reporter-output>
          </reporter-output>
        </test-method> <!-- amezonProduct -->
      </class> <!-- com.Program.Execute -->
    </test> <!-- Default test -->
  </suite> <!-- Default suite -->
</testng-results>
